<?xml version="1.0" encoding="UTF-8"?>
<testng-results ignored="0" total="1" passed="1" failed="0" skipped="0">
  <reporter-output>
  </reporter-output>
  <suite started-at="2023-07-05T17:23:35Z" name="Default suite" finished-at="2023-07-05T17:23:36Z" duration-ms="1701">
    <groups>
    </groups>
    <test started-at="2023-07-05T17:23:35Z" name="Default test" finished-at="2023-07-05T17:23:36Z" duration-ms="1701">
      <class name="test.MonthDropDown">
        <test-method signature="userRemovedAllItemsByToggleAll()[pri:0, instance:test.MonthDropDown@609db546]" started-at="2023-07-05T17:23:35Z" name="userRemovedAllItemsByToggleAll" finished-at="2023-07-05T17:23:36Z" duration-ms="1686" status="PASS">
          <reporter-output>
          </reporter-output>
        </test-method> <!-- userRemovedAllItemsByToggleAll -->
      </class> <!-- test.MonthDropDown -->
    </test> <!-- Default test -->
  </suite> <!-- Default suite -->
</testng-results>
